{"logTime": "0702/193323", "correlationVector":"ENBFa7cB2Y7gIo0Xk5YcT2.1","action":"SyncServerConnectionManagerRequest", "result":"SYNC_SERVER_OK", "context":{"environment":"Prod_brazilsouth_prod-s01-001-sam-brazilsouth", "migrationStage":"NotStarted", "server":"akswtt00600000j"}}
{"logTime": "0702/193323", "correlationVector":"ENBFa7cB2Y7gIo0Xk5YcT2.2","action":"ProcessGetUpdates", "result":"Done", "context":{"dataType":"Encryption Keys", "deleted":"0", "process_failed_to_decrypt":"0", "process_pending_decryption":"0", "process_success":"1", "total":"1"}}
{"logTime": "0702/193324", "correlationVector":"e6TR5Z7ZTxMOEIMN2KgIHd","action":"SyncServerConnectionManagerRequest", "result":"SYNC_SERVER_OK", "context":{"environment":"", "migrationStage":"", "server":""}}
{"logTime": "0702/193324", "correlationVector":"e6TR5Z7ZTxMOEIMN2KgIHd.0","action":"EncryptionKeysFetcher.DownloadKeys:", "result":"Success", "context":Key count: 9, Last key timestamp: 2026-05-05T15:07:05Z}
{"logTime": "0702/193324", "correlationVector":"e6TR5Z7ZTxMOEIMN2KgIHd.1","action":"EncryptionKeysManager::SetEncryptionKeys:", "result":"Success", "context":Key names[9]:[0THkq/TQiHhFGWM2j591ONHRzvbYc4a28M05oD9EHXzBXE39A0AXBYvdozKhf2zAV2GuLt/6feVGsOTO043xLw==][785Bgixu38q+/yKwhhu4DmXONA1jZaEDAP+5fahxBJm7LeR5IaGRMjTloX00hum1pwI8JmXbRF1RQuywYodrNg==][+PgCYrRN4xKfGdXV2CjPsyPnHQ5HZYNbgWrg344c2Z0gGARH279eDzWvfJYEScp7VwgRn6La+nXbX0/C4kA0Pg==][K0sHO/xtKey7u/9ld1WmASgM4EYg6+aAowTU6uPPRruQQCQpCtTV28nmOC4lZRbkk25P6AP3+DkuGUu6XN0+HA==][USxq0UEehscFVUxOrsJK/GcwCXdq911q3jxG4Lfv3A4UBbGXR6MUFwAipQ5NfDHycr0bDW2m42fsNPkbt4fUMw==][FI4v7bTK8Z3SijvBGzRrI0nWkSQCwZRSe8wWJCr92/LPDeYaXcaQreU0g58LDw+7ez9GFcKrBmwsRuVrSxtzhA==][pz5Rkm39mMEtMqRGAKrw+sqMXBCumhwzhmw2bQGoDYrZ9/E0AydnTwuG2961IKxaWPLz4pMdfPpCJwLAynneFQ==][RZe09bIJgGXz1e+Iq4NZvnjoEKXFvD+SMz6H0rQviLg6R8yDyAqWH1CmamXW86uaiL4zaQ9QKEk1e9TMFNYYhQ==][rGnckhjaNugt4yB/FrNT4YcCN8NSF3m9murKA/qKkgkX0RTdINGvZGwj1K7wkkQGliGg/ljp4egX+VQ+z5Dlbg==]}
{"logTime": "0702/193324", "correlationVector":"e6TR5Z7ZTxMOEIMN2KgIHd.2","action":"EncryptionKeysManager::SetEncryptionKeysWithTimestamps:", "result":"Success", "context":Key timestamps[9]:[2022-01-07T20:32:09Z][2022-07-07T23:00:13Z][2023-01-04T19:10:43Z][2023-08-23T16:51:13Z][2024-02-20T17:18:29Z][2024-09-24T15:43:01Z][2025-05-09T20:23:42Z][2025-11-06T02:10:48Z][2026-05-05T15:07:05Z]}
{"logTime": "0702/193324", "correlationVector":"ENBFa7cB2Y7gIo0Xk5YcT2","action":"Initial GetUpdates", "result":"", "context":Reason: NEW_CLIENT. cV=ENBFa7cB2Y7gIo0Xk5YcT2}
{"logTime": "0702/193324", "correlationVector":"ENBFa7cB2Y7gIo0Xk5YcT2.3","action":"GetUpdates Response", "result":"Success", "context":Received 1 update(s). cV=ENBFa7cB2Y7gIo0Xk5YcT2.0;server=akswtt00600000j;cloudType=Consumer;environment=Prod_brazilsouth_prod-s01-001-sam-brazilsouth;migrationStage=NotStarted}
{"logTime": "0702/193324", "correlationVector":"vHAgJTutjqLJIBeukBy+2s","action":"Initial GetUpdates", "result":"", "context":Reason: NEWLY_SUPPORTED_DATATYPE. cV=vHAgJTutjqLJIBeukBy+2s}
{"logTime": "0702/193324", "correlationVector":"vHAgJTutjqLJIBeukBy+2s.1","action":"SyncServerConnectionManagerRequest", "result":"SYNC_SERVER_OK", "context":{"environment":"Prod_brazilsouth_prod-s01-001-sam-brazilsouth", "migrationStage":"NotStarted", "server":"akswtt00600000q"}}
{"logTime": "0702/193324", "correlationVector":"vHAgJTutjqLJIBeukBy+2s.2","action":"ProcessGetUpdates", "result":"Done", "context":{"dataType":"Preferences", "deleted":"0", "process_failed_to_decrypt":"0", "process_pending_decryption":"0", "process_success":"71", "total":"71"}}
{"logTime": "0702/193324", "correlationVector":"vHAgJTutjqLJIBeukBy+2s.3","action":"ProcessGetUpdates", "result":"Done", "context":{"dataType":"Passwords", "deleted":"0", "process_failed_to_decrypt":"0", "process_pending_decryption":"0", "process_success":"2", "total":"2"}}
{"logTime": "0702/193324", "correlationVector":"vHAgJTutjqLJIBeukBy+2s.4","action":"ProcessGetUpdates", "result":"Done", "context":{"dataType":"Device Info", "deleted":"0", "process_failed_to_decrypt":"0", "process_pending_decryption":"0", "process_success":"8", "total":"8"}}
{"logTime": "0702/193324", "correlationVector":"vHAgJTutjqLJIBeukBy+2s.5","action":"GetUpdates Response", "result":"Success", "context":Received 81 update(s). cV=vHAgJTutjqLJIBeukBy+2s.0;server=akswtt00600000q;cloudType=Consumer;environment=Prod_brazilsouth_prod-s01-001-sam-brazilsouth;migrationStage=NotStarted}
{"logTime": "0702/193325", "correlationVector":"Mhdv0KM8dhWYARrnjGAYwv","action":"Initial GetUpdates", "result":"", "context":Reason: NEWLY_SUPPORTED_DATATYPE. cV=Mhdv0KM8dhWYARrnjGAYwv}
{"logTime": "0702/193325", "correlationVector":"Mhdv0KM8dhWYARrnjGAYwv.1","action":"SyncServerConnectionManagerRequest", "result":"SYNC_SERVER_OK", "context":{"environment":"Prod_brazilsouth_prod-s01-001-sam-brazilsouth", "migrationStage":"NotStarted", "server":"akswtt00600000g"}}
{"logTime": "0702/193325", "correlationVector":"Mhdv0KM8dhWYARrnjGAYwv.2","action":"ProcessGetUpdates", "result":"Done", "context":{"dataType":"Bookmarks", "deleted":"0", "process_failed_to_decrypt":"0", "process_pending_decryption":"0", "process_success":"9", "total":"9"}}
{"logTime": "0702/193325", "correlationVector":"Mhdv0KM8dhWYARrnjGAYwv.3","action":"GetUpdates Response", "result":"Success", "context":Received 9 update(s). cV=Mhdv0KM8dhWYARrnjGAYwv.0;server=akswtt00600000g;cloudType=Consumer;environment=Prod_brazilsouth_prod-s01-001-sam-brazilsouth;migrationStage=NotStarted}
{"logTime": "0702/193325", "correlationVector":"gSee/KDCKZc47Ev4UCOIPS","action":"Initial GetUpdates", "result":"", "context":Reason: NEWLY_SUPPORTED_DATATYPE. cV=gSee/KDCKZc47Ev4UCOIPS}
{"logTime": "0702/193326", "correlationVector":"gSee/KDCKZc47Ev4UCOIPS.1","action":"SyncServerConnectionManagerRequest", "result":"SYNC_SERVER_OK", "context":{"environment":"Prod_brazilsouth_prod-s01-034-sam-brazilsouth", "migrationStage":"NotStarted", "server":"akswtt10200000q"}}
{"logTime": "0702/193326", "correlationVector":"gSee/KDCKZc47Ev4UCOIPS.2","action":"ProcessGetUpdates", "result":"Done", "context":{"dataType":"Autofill Profiles", "deleted":"0", "process_failed_to_decrypt":"0", "process_pending_decryption":"0", "process_success":"2", "total":"2"}}
{"logTime": "0702/193326", "correlationVector":"gSee/KDCKZc47Ev4UCOIPS.3","action":"ProcessGetUpdates", "result":"Done", "context":{"dataType":"Autofill", "deleted":"0", "process_failed_to_decrypt":"0", "process_pending_decryption":"0", "process_success":"21", "total":"21"}}
{"logTime": "0702/193326", "correlationVector":"gSee/KDCKZc47Ev4UCOIPS.4","action":"ProcessGetUpdates", "result":"Done", "context":{"dataType":"Extensions", "deleted":"0", "process_failed_to_decrypt":"0", "process_pending_decryption":"0", "process_success":"2", "total":"2"}}
{"logTime": "0702/193326", "correlationVector":"gSee/KDCKZc47Ev4UCOIPS.5","action":"ProcessGetUpdates", "result":"Done", "context":{"dataType":"Sessions", "deleted":"1", "process_failed_to_decrypt":"0", "process_pending_decryption":"0", "process_success":"1", "total":"1"}}
{"logTime": "0702/193326", "correlationVector":"gSee/KDCKZc47Ev4UCOIPS.6","action":"GetUpdates Response", "result":"Success", "context":Received 26 update(s). cV=gSee/KDCKZc47Ev4UCOIPS.0;server=akswtt10200000q;cloudType=Consumer;environment=Prod_brazilsouth_prod-s01-034-sam-brazilsouth;migrationStage=NotStarted}
{"logTime": "0702/193326", "correlationVector":"CeedDL97Xu2ijeQVdzajkP","action":"Initial GetUpdates", "result":"", "context":Reason: NEWLY_SUPPORTED_DATATYPE. cV=CeedDL97Xu2ijeQVdzajkP}
{"logTime": "0702/193326", "correlationVector":"CeedDL97Xu2ijeQVdzajkP.1","action":"SyncServerConnectionManagerRequest", "result":"SYNC_SERVER_OK", "context":{"environment":"Prod_brazilsouth_prod-s01-001-sam-brazilsouth", "migrationStage":"NotStarted", "server":"akswtt00600000e"}}
{"logTime": "0702/193326", "correlationVector":"CeedDL97Xu2ijeQVdzajkP.2","action":"GetUpdates Response", "result":"Success", "context":Received 0 update(s). cV=CeedDL97Xu2ijeQVdzajkP.0;server=akswtt00600000e;cloudType=Consumer;environment=Prod_brazilsouth_prod-s01-001-sam-brazilsouth;migrationStage=NotStarted}
{"logTime": "0702/193326", "correlationVector":"QdZa2tffs8+sQS+JZAQQOs","action":"Normal GetUpdate request", "result":"", "context":cV=QdZa2tffs8+sQS+JZAQQOs
Nudged types: Sessions, Device Info, User Consents
Refresh requested types: Bookmarks, Preferences, Passwords, Autofill Profiles, Autofill, Extensions, Sessions, Extension settings, History Delete Directives, Device Info, User Consents, Send Tab To Self, Web Apps, History, Saved Tab Group, WebAuthn Credentials, Edge E Drop, Edge Hub App Usage, Edge Wallet, Edge Workspace, Encryption Keys}
{"logTime": "0702/193327", "correlationVector":"QdZa2tffs8+sQS+JZAQQOs.1","action":"SyncServerConnectionManagerRequest", "result":"SYNC_SERVER_OK", "context":{"environment":"Prod_brazilsouth_prod-s01-034-sam-brazilsouth", "migrationStage":"NotStarted", "server":"akswtt10200000l"}}
{"logTime": "0702/193327", "correlationVector":"QdZa2tffs8+sQS+JZAQQOs.2","action":"GetUpdates Response", "result":"Success", "context":Received 0 update(s). cV=QdZa2tffs8+sQS+JZAQQOs.0;server=akswtt10200000l;cloudType=Consumer;environment=Prod_brazilsouth_prod-s01-034-sam-brazilsouth;migrationStage=NotStarted}
{"logTime": "0702/193327", "correlationVector":"evR0XxH9xKHThYqeXyNRSy","action":"DoCompareDataConsistency: ", "result":"has local changes and skip compare"}
{"logTime": "0702/193327", "correlationVector":"99hhDKwjX/7R4YrmXkWhq7","action":"Commit Request", "result":"", "context":Item count: 7
Contributing types: Preferences, Passwords, Sessions, Device Info, User Consents}
{"logTime": "0702/193328", "correlationVector":"99hhDKwjX/7R4YrmXkWhq7","action":"SyncServerConnectionManagerRequest", "result":"CONNECTION_UNAVAILABLE", "context":{"error_type":"net_error_code", "error_value":"-3"}}
