{"logTime": "0702/193330", "correlationVector":"RsP8HVIj1CeRc93hna5bwe.1","action":"SyncServerConnectionManagerRequest", "result":"SYNC_SERVER_OK", "context":{"environment":"Prod_brazilsouth_prod-s01-001-sam-brazilsouth", "migrationStage":"NotStarted", "server":"akswtt006000005"}}
{"logTime": "0702/193330", "correlationVector":"RsP8HVIj1CeRc93hna5bwe.2","action":"ProcessGetUpdates", "result":"Done", "context":{"dataType":"Encryption Keys", "deleted":"0", "process_failed_to_decrypt":"0", "process_pending_decryption":"0", "process_success":"1", "total":"1"}}
{"logTime": "0702/193331", "correlationVector":"gEq7EfK6nXOqOyVvQRWwCC","action":"SyncServerConnectionManagerRequest", "result":"SYNC_SERVER_OK", "context":{"environment":"", "migrationStage":"", "server":""}}
{"logTime": "0702/193331", "correlationVector":"gEq7EfK6nXOqOyVvQRWwCC.0","action":"EncryptionKeysFetcher.DownloadKeys:", "result":"Success", "context":Key count: 9, Last key timestamp: 2026-05-05T15:07:05Z}
{"logTime": "0702/193331", "correlationVector":"gEq7EfK6nXOqOyVvQRWwCC.1","action":"EncryptionKeysManager::SetEncryptionKeys:", "result":"Success", "context":Key names[9]:[0THkq/TQiHhFGWM2j591ONHRzvbYc4a28M05oD9EHXzBXE39A0AXBYvdozKhf2zAV2GuLt/6feVGsOTO043xLw==][785Bgixu38q+/yKwhhu4DmXONA1jZaEDAP+5fahxBJm7LeR5IaGRMjTloX00hum1pwI8JmXbRF1RQuywYodrNg==][+PgCYrRN4xKfGdXV2CjPsyPnHQ5HZYNbgWrg344c2Z0gGARH279eDzWvfJYEScp7VwgRn6La+nXbX0/C4kA0Pg==][K0sHO/xtKey7u/9ld1WmASgM4EYg6+aAowTU6uPPRruQQCQpCtTV28nmOC4lZRbkk25P6AP3+DkuGUu6XN0+HA==][USxq0UEehscFVUxOrsJK/GcwCXdq911q3jxG4Lfv3A4UBbGXR6MUFwAipQ5NfDHycr0bDW2m42fsNPkbt4fUMw==][FI4v7bTK8Z3SijvBGzRrI0nWkSQCwZRSe8wWJCr92/LPDeYaXcaQreU0g58LDw+7ez9GFcKrBmwsRuVrSxtzhA==][pz5Rkm39mMEtMqRGAKrw+sqMXBCumhwzhmw2bQGoDYrZ9/E0AydnTwuG2961IKxaWPLz4pMdfPpCJwLAynneFQ==][RZe09bIJgGXz1e+Iq4NZvnjoEKXFvD+SMz6H0rQviLg6R8yDyAqWH1CmamXW86uaiL4zaQ9QKEk1e9TMFNYYhQ==][rGnckhjaNugt4yB/FrNT4YcCN8NSF3m9murKA/qKkgkX0RTdINGvZGwj1K7wkkQGliGg/ljp4egX+VQ+z5Dlbg==]}
{"logTime": "0702/193331", "correlationVector":"gEq7EfK6nXOqOyVvQRWwCC.2","action":"EncryptionKeysManager::SetEncryptionKeysWithTimestamps:", "result":"Success", "context":Key timestamps[9]:[2022-01-07T20:32:09Z][2022-07-07T23:00:13Z][2023-01-04T19:10:43Z][2023-08-23T16:51:13Z][2024-02-20T17:18:29Z][2024-09-24T15:43:01Z][2025-05-09T20:23:42Z][2025-11-06T02:10:48Z][2026-05-05T15:07:05Z]}
{"logTime": "0702/193331", "correlationVector":"RsP8HVIj1CeRc93hna5bwe","action":"Initial GetUpdates", "result":"", "context":Reason: NEW_CLIENT. cV=RsP8HVIj1CeRc93hna5bwe}
{"logTime": "0702/193331", "correlationVector":"RsP8HVIj1CeRc93hna5bwe.3","action":"GetUpdates Response", "result":"Success", "context":Received 1 update(s). cV=RsP8HVIj1CeRc93hna5bwe.0;server=akswtt006000005;cloudType=Consumer;environment=Prod_brazilsouth_prod-s01-001-sam-brazilsouth;migrationStage=NotStarted}
{"logTime": "0702/193331", "correlationVector":"d3PpacqkaovYRVvo8tf/Jf","action":"Initial GetUpdates", "result":"", "context":Reason: NEWLY_SUPPORTED_DATATYPE. cV=d3PpacqkaovYRVvo8tf/Jf}
{"logTime": "0702/193332", "correlationVector":"d3PpacqkaovYRVvo8tf/Jf.1","action":"SyncServerConnectionManagerRequest", "result":"SYNC_SERVER_OK", "context":{"environment":"Prod_brazilsouth_prod-s01-034-sam-brazilsouth", "migrationStage":"NotStarted", "server":"akswtt10200000k"}}
{"logTime": "0702/193332", "correlationVector":"d3PpacqkaovYRVvo8tf/Jf.2","action":"ProcessGetUpdates", "result":"Done", "context":{"dataType":"Preferences", "deleted":"0", "process_failed_to_decrypt":"0", "process_pending_decryption":"0", "process_success":"71", "total":"71"}}
{"logTime": "0702/193332", "correlationVector":"d3PpacqkaovYRVvo8tf/Jf.3","action":"ProcessGetUpdates", "result":"Done", "context":{"dataType":"Passwords", "deleted":"0", "process_failed_to_decrypt":"0", "process_pending_decryption":"0", "process_success":"2", "total":"2"}}
{"logTime": "0702/193332", "correlationVector":"d3PpacqkaovYRVvo8tf/Jf.4","action":"ProcessGetUpdates", "result":"Done", "context":{"dataType":"Device Info", "deleted":"0", "process_failed_to_decrypt":"0", "process_pending_decryption":"0", "process_success":"9", "total":"9"}}
{"logTime": "0702/193332", "correlationVector":"d3PpacqkaovYRVvo8tf/Jf.5","action":"GetUpdates Response", "result":"Success", "context":Received 82 update(s). cV=d3PpacqkaovYRVvo8tf/Jf.0;server=akswtt10200000k;cloudType=Consumer;environment=Prod_brazilsouth_prod-s01-034-sam-brazilsouth;migrationStage=NotStarted}
{"logTime": "0702/193332", "correlationVector":"xb2wzMqbp5SENbqbK3qnEG","action":"Initial GetUpdates", "result":"", "context":Reason: NEWLY_SUPPORTED_DATATYPE. cV=xb2wzMqbp5SENbqbK3qnEG}
{"logTime": "0702/193332", "correlationVector":"xb2wzMqbp5SENbqbK3qnEG.1","action":"SyncServerConnectionManagerRequest", "result":"SYNC_SERVER_OK", "context":{"environment":"Prod_brazilsouth_prod-s01-001-sam-brazilsouth", "migrationStage":"NotStarted", "server":"akswtt006000002"}}
{"logTime": "0702/193332", "correlationVector":"xb2wzMqbp5SENbqbK3qnEG.2","action":"ProcessGetUpdates", "result":"Done", "context":{"dataType":"Bookmarks", "deleted":"0", "process_failed_to_decrypt":"0", "process_pending_decryption":"0", "process_success":"9", "total":"9"}}
{"logTime": "0702/193332", "correlationVector":"xb2wzMqbp5SENbqbK3qnEG.3","action":"GetUpdates Response", "result":"Success", "context":Received 9 update(s). cV=xb2wzMqbp5SENbqbK3qnEG.0;server=akswtt006000002;cloudType=Consumer;environment=Prod_brazilsouth_prod-s01-001-sam-brazilsouth;migrationStage=NotStarted}
{"logTime": "0702/193332", "correlationVector":"OQzvMhwGyVHRYXvXP0+lbB","action":"Initial GetUpdates", "result":"", "context":Reason: NEWLY_SUPPORTED_DATATYPE. cV=OQzvMhwGyVHRYXvXP0+lbB}
{"logTime": "0702/193333", "correlationVector":"OQzvMhwGyVHRYXvXP0+lbB.1","action":"SyncServerConnectionManagerRequest", "result":"SYNC_SERVER_OK", "context":{"environment":"Prod_brazilsouth_prod-s01-001-sam-brazilsouth", "migrationStage":"NotStarted", "server":"akswtt006000007"}}
{"logTime": "0702/193333", "correlationVector":"OQzvMhwGyVHRYXvXP0+lbB.2","action":"ProcessGetUpdates", "result":"Done", "context":{"dataType":"Autofill Profiles", "deleted":"0", "process_failed_to_decrypt":"0", "process_pending_decryption":"0", "process_success":"2", "total":"2"}}
{"logTime": "0702/193333", "correlationVector":"OQzvMhwGyVHRYXvXP0+lbB.3","action":"ProcessGetUpdates", "result":"Done", "context":{"dataType":"Autofill", "deleted":"0", "process_failed_to_decrypt":"0", "process_pending_decryption":"0", "process_success":"21", "total":"21"}}
{"logTime": "0702/193333", "correlationVector":"OQzvMhwGyVHRYXvXP0+lbB.4","action":"ProcessGetUpdates", "result":"Done", "context":{"dataType":"Extensions", "deleted":"0", "process_failed_to_decrypt":"0", "process_pending_decryption":"0", "process_success":"2", "total":"2"}}
{"logTime": "0702/193333", "correlationVector":"OQzvMhwGyVHRYXvXP0+lbB.5","action":"ProcessGetUpdates", "result":"Done", "context":{"dataType":"Sessions", "deleted":"1", "process_failed_to_decrypt":"0", "process_pending_decryption":"0", "process_success":"3", "total":"3"}}
{"logTime": "0702/193333", "correlationVector":"OQzvMhwGyVHRYXvXP0+lbB.6","action":"GetUpdates Response", "result":"Success", "context":Received 28 update(s). cV=OQzvMhwGyVHRYXvXP0+lbB.0;server=akswtt006000007;cloudType=Consumer;environment=Prod_brazilsouth_prod-s01-001-sam-brazilsouth;migrationStage=NotStarted}
{"logTime": "0702/193333", "correlationVector":"/P5HBU1UzBx05aV34F250v","action":"Initial GetUpdates", "result":"", "context":Reason: NEWLY_SUPPORTED_DATATYPE. cV=/P5HBU1UzBx05aV34F250v}
{"logTime": "0702/193333", "correlationVector":"/P5HBU1UzBx05aV34F250v.1","action":"SyncServerConnectionManagerRequest", "result":"SYNC_SERVER_OK", "context":{"environment":"Prod_brazilsouth_prod-s01-001-sam-brazilsouth", "migrationStage":"NotStarted", "server":"akswtt006000009"}}
{"logTime": "0702/193333", "correlationVector":"/P5HBU1UzBx05aV34F250v.2","action":"GetUpdates Response", "result":"Success", "context":Received 0 update(s). cV=/P5HBU1UzBx05aV34F250v.0;server=akswtt006000009;cloudType=Consumer;environment=Prod_brazilsouth_prod-s01-001-sam-brazilsouth;migrationStage=NotStarted}
{"logTime": "0702/193333", "correlationVector":"XTrifvipM0zXt+cU2T9ti2","action":"Normal GetUpdate request", "result":"", "context":cV=XTrifvipM0zXt+cU2T9ti2
Nudged types: Preferences, Passwords, Sessions, Device Info, User Consents
Refresh requested types: Bookmarks, Preferences, Passwords, Autofill Profiles, Autofill, Extensions, Sessions, Extension settings, History Delete Directives, Device Info, User Consents, Send Tab To Self, Web Apps, History, Saved Tab Group, WebAuthn Credentials, Edge E Drop, Edge Hub App Usage, Edge Wallet, Edge Workspace, Encryption Keys}
{"logTime": "0702/193334", "correlationVector":"XTrifvipM0zXt+cU2T9ti2.1","action":"SyncServerConnectionManagerRequest", "result":"SYNC_SERVER_OK", "context":{"environment":"Prod_brazilsouth_prod-s01-034-sam-brazilsouth", "migrationStage":"NotStarted", "server":"akswtt10200000g"}}
{"logTime": "0702/193334", "correlationVector":"XTrifvipM0zXt+cU2T9ti2.2","action":"GetUpdates Response", "result":"Success", "context":Received 0 update(s). cV=XTrifvipM0zXt+cU2T9ti2.0;server=akswtt10200000g;cloudType=Consumer;environment=Prod_brazilsouth_prod-s01-034-sam-brazilsouth;migrationStage=NotStarted}
{"logTime": "0702/193334", "correlationVector":"ZkBS+5RYclQ7Z/ECSDz4FQ","action":"Commit Request", "result":"", "context":Item count: 7
Contributing types: Preferences, Passwords, Sessions, Device Info, User Consents}
{"logTime": "0702/193334", "correlationVector":"ZkBS+5RYclQ7Z/ECSDz4FQ","action":"SyncServerConnectionManagerRequest", "result":"CONNECTION_UNAVAILABLE", "context":{"error_type":"net_error_code", "error_value":"-3"}}
